<?xml version="1.0" encoding="UTF-8"?>
<!-- Generated by org.testng.reporters.JUnitReportReporter -->
<testsuite skipped="0" hostname="WVargas-PC" name="main.Calculator" tests="2" failures="0" timestamp="04 jun 2017 02:29:09 GMT" time="23.000" errors="0">
  <testcase name="testAddition" time="11.258" classname="main.Calculator"/>
  <testcase name="testAddition" time="11.742" classname="main.Calculator"/>
</testsuite> <!-- main.Calculator -->
